Using pre-set license
Built from '2023.2/staging' branch; Version is '2023.2.17f1 (396a1c6fe404) revision 3762716'; Using compiler version '193431935'; Build Type 'Release'
OS: 'Windows 11  (10.0.22631) 64bit Core' Language: 'fr' Physical Memory: 32459 MB
BatchMode: 1, IsHumanControllingUs: 0, StartBugReporterOnCrash: 0, Is64bit: 1, IsPro: 1

COMMAND LINE ARGUMENTS:
C:\Program Files\Unity\Hub\Editor\2023.2.17f1\Editor\Unity.exe
-adb2
-batchMode
-noUpm
-name
AssetImportWorker3
-projectPath
D:/Projet/Tank_Workshop
-logFile
Logs/AssetImportWorker3.log
-srvPort
55491
-job-worker-count
7
-background-job-worker-count
8
-asset-garbage-collectors
1
Successfully changed project path to: D:/Projet/Tank_Workshop
D:/Projet/Tank_Workshop
[UnityMemory] Configuration Parameters - Can be set up in boot.config
    "memorysetup-bucket-allocator-granularity=16"
    "memorysetup-bucket-allocator-bucket-count=8"
    "memorysetup-bucket-allocator-block-size=33554432"
    "memorysetup-bucket-allocator-block-count=8"
    "memorysetup-main-allocator-block-size=16777216"
    "memorysetup-thread-allocator-block-size=16777216"
    "memorysetup-gfx-main-allocator-block-size=16777216"
    "memorysetup-gfx-thread-allocator-block-size=16777216"
    "memorysetup-cache-allocator-block-size=4194304"
    "memorysetup-typetree-allocator-block-size=2097152"
    "memorysetup-profiler-bucket-allocator-granularity=16"
    "memorysetup-profiler-bucket-allocator-bucket-count=8"
    "memorysetup-profiler-bucket-allocator-block-size=33554432"
    "memorysetup-profiler-bucket-allocator-block-count=8"
    "memorysetup-profiler-allocator-block-size=16777216"
    "memorysetup-profiler-editor-allocator-block-size=1048576"
    "memorysetup-temp-allocator-size-main=16777216"
    "memorysetup-job-temp-allocator-block-size=2097152"
    "memorysetup-job-temp-allocator-block-size-background=1048576"
    "memorysetup-job-temp-allocator-reduction-small-platforms=262144"
    "memorysetup-allocator-temp-initial-block-size-main=262144"
    "memorysetup-allocator-temp-initial-block-size-worker=262144"
    "memorysetup-temp-allocator-size-background-worker=32768"
    "memorysetup-temp-allocator-size-job-worker=262144"
    "memorysetup-temp-allocator-size-preload-manager=33554432"
    "memorysetup-temp-allocator-size-nav-mesh-worker=65536"
    "memorysetup-temp-allocator-size-audio-worker=65536"
    "memorysetup-temp-allocator-size-cloud-worker=32768"
    "memorysetup-temp-allocator-size-gi-baking-worker=262144"
    "memorysetup-temp-allocator-size-gi-baking-worker=262144"
    "memorysetup-temp-allocator-size-gi-baking-worker=262144"
    "memorysetup-temp-allocator-size-gi-baking-worker=262144"
    "memorysetup-temp-allocator-size-gfx=262144"
Player connection [30024] Host "[IP] 192.168.1.20 [Port] 0 [Flags] 2 [Guid] 3855262534 [EditorId] 3855262534 [Version] 1048832 [Id] WindowsEditor(7,Luis) [Debug] 1 [PackageName] WindowsEditor [ProjectName] Editor" joined multi-casting on [225.0.0.222:54997]...
Player connection [30024] Host "[IP] 192.168.1.20 [Port] 0 [Flags] 2 [Guid] 3855262534 [EditorId] 3855262534 [Version] 1048832 [Id] WindowsEditor(7,Luis) [Debug] 1 [PackageName] WindowsEditor [ProjectName] Editor" joined alternative multi-casting on [225.0.0.222:34997]...
JobSystem: Creating JobQueue using job-worker-count value 7
[Physics::Module] Initialized MultithreadedJobDispatcher with 7 workers.
Library Redirect Path: Library/
Refreshing native plugins compatible for Editor in 0.92 ms, found 3 plugins.
Preloading 0 native plugins for Editor in 0.00 ms.
Initialize engine version: 2023.2.17f1 (396a1c6fe404)
[Subsystems] Discovering subsystems at path C:/Program Files/Unity/Hub/Editor/2023.2.17f1/Editor/Data/Resources/UnitySubsystems
[Subsystems] Discovering subsystems at path D:/Projet/Tank_Workshop/Assets
GfxDevice: creating device client; kGfxThreadingModeNonThreaded
Direct3D:
    Version:  Direct3D 11.0 [level 11.1]
    Renderer: NVIDIA GeForce RTX 3060 Laptop GPU (ID=0x2520)
    Vendor:   NVIDIA
    VRAM:     5996 MB
    Driver:   31.0.15.5186
Initialize mono
Mono path[0] = 'C:/Program Files/Unity/Hub/Editor/2023.2.17f1/Editor/Data/Managed'
Mono path[1] = 'C:/Program Files/Unity/Hub/Editor/2023.2.17f1/Editor/Data/MonoBleedingEdge/lib/mono/unityjit-win32'
Mono config path = 'C:/Program Files/Unity/Hub/Editor/2023.2.17f1/Editor/Data/MonoBleedingEdge/etc'
Using monoOptions --debugger-agent=transport=dt_socket,embedding=1,server=y,suspend=n,address=127.0.0.1:56852
Begin MonoManager ReloadAssembly
Registering precompiled unity dll's ...
Register platform support module: C:/Program Files/Unity/Hub/Editor/2023.2.17f1/Editor/Data/PlaybackEngines/WebGLSupport/UnityEditor.WebGL.Extensions.dll
Register platform support module: C:/Program Files/Unity/Hub/Editor/2023.2.17f1/Editor/Data/PlaybackEngines/WindowsStandaloneSupport/UnityEditor.WindowsStandalone.Extensions.dll
Register platform support module: C:/Program Files/Unity/Hub/Editor/2023.2.17f1/Editor/Data/PlaybackEngines/MetroSupport/UnityEditor.UWP.Extensions.dll
Register platform support module: C:/Program Files/Unity/Hub/Editor/2023.2.17f1/Editor/Data/PlaybackEngines/AndroidPlayer/UnityEditor.Android.Extensions.dll
Registered in 0.006803 seconds.
- Loaded All Assemblies, in  0.389 seconds
Native extension for Android target not found
Android Extension - Scanning For ADB Devices 237 ms
Native extension for UWP target not found
Native extension for WindowsStandalone target not found
Native extension for WebGL target not found
Mono: successfully reloaded assembly
- Finished resetting the current domain, in  0.607 seconds
Domain Reload Profiling: 994ms
	BeginReloadAssembly (125ms)
		ExecutionOrderSort (0ms)
		DisableScriptedObjects (0ms)
		BackupInstance (0ms)
		ReleaseScriptingObjects (0ms)
		CreateAndSetChildDomain (1ms)
	RebuildCommonClasses (37ms)
	RebuildNativeTypeToScriptingClass (12ms)
	initialDomainReloadingComplete (49ms)
	LoadAllAssembliesAndSetupDomain (164ms)
		LoadAssemblies (123ms)
		RebuildTransferFunctionScriptingTraits (0ms)
		AnalyzeDomain (161ms)
			TypeCache.Refresh (159ms)
				TypeCache.ScanAssembly (145ms)
			BuildScriptInfoCaches (0ms)
			ResolveRequiredComponents (1ms)
	FinalizeReload (608ms)
		ReleaseScriptCaches (0ms)
		RebuildScriptCaches (0ms)
		SetupLoadedEditorAssemblies (550ms)
			LogAssemblyErrors (0ms)
			InitializePlatformSupportModulesInManaged (347ms)
			SetLoadedEditorAssemblies (4ms)
			BeforeProcessingInitializeOnLoad (5ms)
			ProcessInitializeOnLoadAttributes (146ms)
			ProcessInitializeOnLoadMethodAttributes (49ms)
			AfterProcessingInitializeOnLoad (0ms)
			EditorAssembliesLoaded (0ms)
		ExecutionOrderSort2 (0ms)
		AwakeInstancesAfterBackupRestoration (0ms)
========================================================================
Worker process is ready to serve import requests
Import Worker Mode flag is 0x00
Begin MonoManager ReloadAssembly
- Loaded All Assemblies, in  0.891 seconds
Refreshing native plugins compatible for Editor in 0.37 ms, found 3 plugins.
Native extension for Android target not found
Native extension for UWP target not found
Native extension for WindowsStandalone target not found
Native extension for WebGL target not found
Mono: successfully reloaded assembly
- Finished resetting the current domain, in  0.739 seconds
Domain Reload Profiling: 1627ms
	BeginReloadAssembly (341ms)
		ExecutionOrderSort (0ms)
		DisableScriptedObjects (5ms)
		BackupInstance (0ms)
		ReleaseScriptingObjects (0ms)
		CreateAndSetChildDomain (34ms)
	RebuildCommonClasses (39ms)
	RebuildNativeTypeToScriptingClass (12ms)
	initialDomainReloadingComplete (38ms)
	LoadAllAssembliesAndSetupDomain (458ms)
		LoadAssemblies (316ms)
		RebuildTransferFunctionScriptingTraits (0ms)
		AnalyzeDomain (237ms)
			TypeCache.Refresh (194ms)
				TypeCache.ScanAssembly (174ms)
			BuildScriptInfoCaches (30ms)
			ResolveRequiredComponents (9ms)
	FinalizeReload (739ms)
		ReleaseScriptCaches (0ms)
		RebuildScriptCaches (0ms)
		SetupLoadedEditorAssemblies (498ms)
			LogAssemblyErrors (0ms)
			InitializePlatformSupportModulesInManaged (17ms)
			SetLoadedEditorAssemblies (6ms)
			BeforeProcessingInitializeOnLoad (49ms)
			ProcessInitializeOnLoadAttributes (387ms)
			ProcessInitializeOnLoadMethodAttributes (35ms)
			AfterProcessingInitializeOnLoad (4ms)
			EditorAssembliesLoaded (0ms)
		ExecutionOrderSort2 (0ms)
		AwakeInstancesAfterBackupRestoration (8ms)
Launched and connected shader compiler UnityShaderCompiler.exe after 0.01 seconds
Refreshing native plugins compatible for Editor in 0.52 ms, found 3 plugins.
Preloading 0 native plugins for Editor in 0.00 ms.
Unloading 170 Unused Serialized files (Serialized files now loaded: 0)
Unloading 5594 unused Assets / (5.2 MB). Loaded Objects now: 6285.
Memory consumption went from 168.7 MB to 163.5 MB.
Total: 8.332100 ms (FindLiveObjects: 0.685200 ms CreateObjectMapping: 0.608300 ms MarkObjects: 4.297300 ms  DeleteObjects: 2.740500 ms)

========================================================================
Received Prepare
Begin MonoManager ReloadAssembly
- Loaded All Assemblies, in  0.614 seconds
Refreshing native plugins compatible for Editor in 0.39 ms, found 3 plugins.
Native extension for Android target not found
Native extension for UWP target not found
Native extension for WindowsStandalone target not found
Native extension for WebGL target not found
Mono: successfully reloaded assembly
- Finished resetting the current domain, in  0.700 seconds
Domain Reload Profiling: 1315ms
	BeginReloadAssembly (192ms)
		ExecutionOrderSort (0ms)
		DisableScriptedObjects (4ms)
		BackupInstance (0ms)
		ReleaseScriptingObjects (0ms)
		CreateAndSetChildDomain (57ms)
	RebuildCommonClasses (34ms)
	RebuildNativeTypeToScriptingClass (14ms)
	initialDomainReloadingComplete (23ms)
	LoadAllAssembliesAndSetupDomain (352ms)
		LoadAssemblies (297ms)
		RebuildTransferFunctionScriptingTraits (0ms)
		AnalyzeDomain (145ms)
			TypeCache.Refresh (8ms)
				TypeCache.ScanAssembly (0ms)
			BuildScriptInfoCaches (123ms)
			ResolveRequiredComponents (10ms)
	FinalizeReload (701ms)
		ReleaseScriptCaches (0ms)
		RebuildScriptCaches (0ms)
		SetupLoadedEditorAssemblies (444ms)
			LogAssemblyErrors (0ms)
			InitializePlatformSupportModulesInManaged (18ms)
			SetLoadedEditorAssemblies (5ms)
			BeforeProcessingInitializeOnLoad (48ms)
			ProcessInitializeOnLoadAttributes (338ms)
			ProcessInitializeOnLoadMethodAttributes (30ms)
			AfterProcessingInitializeOnLoad (5ms)
			EditorAssembliesLoaded (0ms)
		ExecutionOrderSort2 (0ms)
		AwakeInstancesAfterBackupRestoration (18ms)
Refreshing native plugins compatible for Editor in 0.56 ms, found 3 plugins.
Preloading 0 native plugins for Editor in 0.00 ms.
Unloading 22 Unused Serialized files (Serialized files now loaded: 0)
Unloading 5592 unused Assets / (5.3 MB). Loaded Objects now: 6286.
Memory consumption went from 144.9 MB to 139.6 MB.
Total: 17.358500 ms (FindLiveObjects: 1.733100 ms CreateObjectMapping: 1.293200 ms MarkObjects: 9.775600 ms  DeleteObjects: 4.554900 ms)

Prepare: number of updated asset objects reloaded= 0
========================================================================
Received Prepare
Begin MonoManager ReloadAssembly
- Loaded All Assemblies, in  0.653 seconds
Refreshing native plugins compatible for Editor in 0.44 ms, found 3 plugins.
Native extension for Android target not found
Native extension for UWP target not found
Native extension for WindowsStandalone target not found
Native extension for WebGL target not found
Mono: successfully reloaded assembly
- Finished resetting the current domain, in  0.712 seconds
Domain Reload Profiling: 1366ms
	BeginReloadAssembly (201ms)
		ExecutionOrderSort (0ms)
		DisableScriptedObjects (4ms)
		BackupInstance (0ms)
		ReleaseScriptingObjects (0ms)
		CreateAndSetChildDomain (56ms)
	RebuildCommonClasses (36ms)
	RebuildNativeTypeToScriptingClass (12ms)
	initialDomainReloadingComplete (23ms)
	LoadAllAssembliesAndSetupDomain (382ms)
		LoadAssemblies (308ms)
		RebuildTransferFunctionScriptingTraits (0ms)
		AnalyzeDomain (175ms)
			TypeCache.Refresh (8ms)
				TypeCache.ScanAssembly (0ms)
			BuildScriptInfoCaches (150ms)
			ResolveRequiredComponents (12ms)
	FinalizeReload (712ms)
		ReleaseScriptCaches (0ms)
		RebuildScriptCaches (0ms)
		SetupLoadedEditorAssemblies (484ms)
			LogAssemblyErrors (0ms)
			InitializePlatformSupportModulesInManaged (17ms)
			SetLoadedEditorAssemblies (5ms)
			BeforeProcessingInitializeOnLoad (47ms)
			ProcessInitializeOnLoadAttributes (375ms)
			ProcessInitializeOnLoadMethodAttributes (34ms)
			AfterProcessingInitializeOnLoad (5ms)
			EditorAssembliesLoaded (0ms)
		ExecutionOrderSort2 (0ms)
		AwakeInstancesAfterBackupRestoration (24ms)
Refreshing native plugins compatible for Editor in 0.55 ms, found 3 plugins.
Preloading 0 native plugins for Editor in 0.00 ms.
Unloading 21 Unused Serialized files (Serialized files now loaded: 0)
Unloading 5592 unused Assets / (5.2 MB). Loaded Objects now: 6286.
Memory consumption went from 146.7 MB to 141.5 MB.
Total: 10.268200 ms (FindLiveObjects: 0.784700 ms CreateObjectMapping: 1.285400 ms MarkObjects: 5.009000 ms  DeleteObjects: 3.188000 ms)

Prepare: number of updated asset objects reloaded= 0
========================================================================
Received Prepare
Begin MonoManager ReloadAssembly
- Loaded All Assemblies, in  0.690 seconds
Refreshing native plugins compatible for Editor in 0.49 ms, found 3 plugins.
Native extension for Android target not found
Native extension for UWP target not found
Native extension for WindowsStandalone target not found
Native extension for WebGL target not found
Mono: successfully reloaded assembly
- Finished resetting the current domain, in  0.706 seconds
Domain Reload Profiling: 1397ms
	BeginReloadAssembly (196ms)
		ExecutionOrderSort (0ms)
		DisableScriptedObjects (4ms)
		BackupInstance (0ms)
		ReleaseScriptingObjects (0ms)
		CreateAndSetChildDomain (50ms)
	RebuildCommonClasses (36ms)
	RebuildNativeTypeToScriptingClass (12ms)
	initialDomainReloadingComplete (27ms)
	LoadAllAssembliesAndSetupDomain (419ms)
		LoadAssemblies (354ms)
		RebuildTransferFunctionScriptingTraits (0ms)
		AnalyzeDomain (164ms)
			TypeCache.Refresh (16ms)
				TypeCache.ScanAssembly (5ms)
			BuildScriptInfoCaches (133ms)
			ResolveRequiredComponents (11ms)
	FinalizeReload (706ms)
		ReleaseScriptCaches (0ms)
		RebuildScriptCaches (0ms)
		SetupLoadedEditorAssemblies (466ms)
			LogAssemblyErrors (0ms)
			InitializePlatformSupportModulesInManaged (18ms)
			SetLoadedEditorAssemblies (5ms)
			BeforeProcessingInitializeOnLoad (53ms)
			ProcessInitializeOnLoadAttributes (353ms)
			ProcessInitializeOnLoadMethodAttributes (31ms)
			AfterProcessingInitializeOnLoad (5ms)
			EditorAssembliesLoaded (0ms)
		ExecutionOrderSort2 (0ms)
		AwakeInstancesAfterBackupRestoration (22ms)
Refreshing native plugins compatible for Editor in 0.54 ms, found 3 plugins.
Preloading 0 native plugins for Editor in 0.00 ms.
Unloading 23 Unused Serialized files (Serialized files now loaded: 0)
Unloading 5756 unused Assets / (5.0 MB). Loaded Objects now: 6448.
Memory consumption went from 149.8 MB to 144.8 MB.
Total: 11.301200 ms (FindLiveObjects: 0.845200 ms CreateObjectMapping: 0.770300 ms MarkObjects: 5.185400 ms  DeleteObjects: 4.499100 ms)

Prepare: number of updated asset objects reloaded= 0
========================================================================
Received Prepare
Begin MonoManager ReloadAssembly
- Loaded All Assemblies, in  0.823 seconds
Refreshing native plugins compatible for Editor in 0.42 ms, found 3 plugins.
Native extension for Android target not found
Native extension for UWP target not found
Native extension for WindowsStandalone target not found
Native extension for WebGL target not found
Mono: successfully reloaded assembly
- Finished resetting the current domain, in  0.703 seconds
Domain Reload Profiling: 1527ms
	BeginReloadAssembly (246ms)
		ExecutionOrderSort (0ms)
		DisableScriptedObjects (8ms)
		BackupInstance (0ms)
		ReleaseScriptingObjects (0ms)
		CreateAndSetChildDomain (57ms)
	RebuildCommonClasses (54ms)
	RebuildNativeTypeToScriptingClass (15ms)
	initialDomainReloadingComplete (33ms)
	LoadAllAssembliesAndSetupDomain (476ms)
		LoadAssemblies (451ms)
		RebuildTransferFunctionScriptingTraits (0ms)
		AnalyzeDomain (159ms)
			TypeCache.Refresh (12ms)
				TypeCache.ScanAssembly (0ms)
			BuildScriptInfoCaches (132ms)
			ResolveRequiredComponents (11ms)
	FinalizeReload (703ms)
		ReleaseScriptCaches (0ms)
		RebuildScriptCaches (0ms)
		SetupLoadedEditorAssemblies (486ms)
			LogAssemblyErrors (0ms)
			InitializePlatformSupportModulesInManaged (19ms)
			SetLoadedEditorAssemblies (5ms)
			BeforeProcessingInitializeOnLoad (50ms)
			ProcessInitializeOnLoadAttributes (375ms)
			ProcessInitializeOnLoadMethodAttributes (32ms)
			AfterProcessingInitializeOnLoad (5ms)
			EditorAssembliesLoaded (0ms)
		ExecutionOrderSort2 (0ms)
		AwakeInstancesAfterBackupRestoration (17ms)
Refreshing native plugins compatible for Editor in 0.57 ms, found 3 plugins.
Preloading 0 native plugins for Editor in 0.00 ms.
Unloading 28 Unused Serialized files (Serialized files now loaded: 0)
Unloading 5765 unused Assets / (5.3 MB). Loaded Objects now: 6452.
Memory consumption went from 153.2 MB to 147.9 MB.
Total: 10.317000 ms (FindLiveObjects: 0.853700 ms CreateObjectMapping: 0.938400 ms MarkObjects: 5.080700 ms  DeleteObjects: 3.443400 ms)

Prepare: number of updated asset objects reloaded= 0
========================================================================
Received Prepare
Begin MonoManager ReloadAssembly
- Loaded All Assemblies, in  0.892 seconds
Refreshing native plugins compatible for Editor in 0.64 ms, found 3 plugins.
Assertion failed on expression: 'pred(*previous, *i)'
Native extension for Android target not found
Native extension for UWP target not found
Native extension for WindowsStandalone target not found
Native extension for WebGL target not found
Mono: successfully reloaded assembly
- Finished resetting the current domain, in  0.768 seconds
Domain Reload Profiling: 1753ms
	BeginReloadAssembly (422ms)
		ExecutionOrderSort (0ms)
		DisableScriptedObjects (6ms)
		BackupInstance (0ms)
		ReleaseScriptingObjects (0ms)
		CreateAndSetChildDomain (274ms)
	RebuildCommonClasses (36ms)
	RebuildNativeTypeToScriptingClass (12ms)
	initialDomainReloadingComplete (24ms)
	LoadAllAssembliesAndSetupDomain (489ms)
		LoadAssemblies (304ms)
		RebuildTransferFunctionScriptingTraits (0ms)
		AnalyzeDomain (190ms)
			TypeCache.Refresh (13ms)
				TypeCache.ScanAssembly (2ms)
			BuildScriptInfoCaches (160ms)
			ResolveRequiredComponents (12ms)
	FinalizeReload (769ms)
		ReleaseScriptCaches (0ms)
		RebuildScriptCaches (0ms)
		SetupLoadedEditorAssemblies (491ms)
			LogAssemblyErrors (0ms)
			InitializePlatformSupportModulesInManaged (18ms)
			SetLoadedEditorAssemblies (5ms)
			BeforeProcessingInitializeOnLoad (58ms)
			ProcessInitializeOnLoadAttributes (365ms)
			ProcessInitializeOnLoadMethodAttributes (37ms)
			AfterProcessingInitializeOnLoad (8ms)
			EditorAssembliesLoaded (0ms)
		ExecutionOrderSort2 (0ms)
		AwakeInstancesAfterBackupRestoration (24ms)
Refreshing native plugins compatible for Editor in 0.54 ms, found 3 plugins.
Preloading 0 native plugins for Editor in 0.00 ms.
Unloading 33 Unused Serialized files (Serialized files now loaded: 0)
Unloading 5841 unused Assets / (6.1 MB). Loaded Objects now: 6524.
Memory consumption went from 157.5 MB to 151.4 MB.
Total: 9.996400 ms (FindLiveObjects: 0.786700 ms CreateObjectMapping: 0.814300 ms MarkObjects: 4.732800 ms  DeleteObjects: 3.661500 ms)

Prepare: number of updated asset objects reloaded= 0
========================================================================
Received Import Request.
  Time since last request: 7255.447270 seconds.
  path: Assets/Quibli/Example URP Settings/Quibli URP Config.asset
  artifactKey: Guid(524f0a41e9b5f451b98453c3fad05721) Importer(815301076,1909f56bfc062723c751e8b465ee728b)
Start importing Assets/Quibli/Example URP Settings/Quibli URP Config.asset using Guid(524f0a41e9b5f451b98453c3fad05721) Importer(815301076,1909f56bfc062723c751e8b465ee728b) (PreviewImporter) -> (artifact id: '3e625d7ec744f9b95c2be0bf94285311') in 0.0669872 seconds
Number of updated asset objects reloaded before import = 0Number of asset objects unloaded after import = 12

========================================================================
Received Import Request.
  Time since last request: 23.675778 seconds.
  path: Assets/Quibli/Demos/City/Scene Settings/Main Camera Profile - City Demo.asset
  artifactKey: Guid(06049e2a12b454408b1035a38bc32873) Importer(815301076,1909f56bfc062723c751e8b465ee728b)
Start importing Assets/Quibli/Demos/City/Scene Settings/Main Camera Profile - City Demo.asset using Guid(06049e2a12b454408b1035a38bc32873) Importer(815301076,1909f56bfc062723c751e8b465ee728b) (PreviewImporter) -> (artifact id: 'd55ddbd56240a251c615cbfdc32ceb92') in 0.009345 seconds
Number of updated asset objects reloaded before import = 0Number of asset objects unloaded after import = 8

========================================================================
Received Import Request.
  Time since last request: 0.000060 seconds.
  path: Assets/Settings/SampleSceneProfile.asset
  artifactKey: Guid(a6560a915ef98420e9faacc1c7438823) Importer(815301076,1909f56bfc062723c751e8b465ee728b)
Start importing Assets/Settings/SampleSceneProfile.asset using Guid(a6560a915ef98420e9faacc1c7438823) Importer(815301076,1909f56bfc062723c751e8b465ee728b) (PreviewImporter) -> (artifact id: 'd07e32a590996a24b11c6bbd39760f32') in 0.0032819 seconds
Number of updated asset objects reloaded before import = 0Number of asset objects unloaded after import = 4

========================================================================
Received Import Request.
  Time since last request: 16.658488 seconds.
  path: Assets/Settings/URP-Performant.asset
  artifactKey: Guid(d0e2fc18fe036412f8223b3b3d9ad574) Importer(815301076,1909f56bfc062723c751e8b465ee728b)
Start importing Assets/Settings/URP-Performant.asset using Guid(d0e2fc18fe036412f8223b3b3d9ad574) Importer(815301076,1909f56bfc062723c751e8b465ee728b) (PreviewImporter) -> (artifact id: '81cbc2e08060248b26594faa5be04846') in 0.0039492 seconds
Number of updated asset objects reloaded before import = 0Number of asset objects unloaded after import = 7

========================================================================
Received Prepare
Begin MonoManager ReloadAssembly
- Loaded All Assemblies, in  0.833 seconds
Refreshing native plugins compatible for Editor in 0.80 ms, found 3 plugins.
Assertion failed on expression: 'pred(*previous, *i)'
Assertion failed on expression: 'pred(*previous, *i)'
Assertion failed on expression: 'pred(*previous, *i)'
Assertion failed on expression: 'pred(*previous, *i)'
Assertion failed on expression: 'pred(*previous, *i)'
Assertion failed on expression: 'pred(*previous, *i)'
Assertion failed on expression: 'pred(*previous, *i)'
Assertion failed on expression: 'pred(*previous, *i)'
Assertion failed on expression: 'pred(*previous, *i)'
Assertion failed on expression: 'pred(*previous, *i)'
Assertion failed on expression: 'pred(*previous, *i)'
Assertion failed on expression: 'pred(*previous, *i)'
Assertion failed on expression: 'pred(*previous, *i)'
Assertion failed on expression: 'pred(*previous, *i)'
Assertion failed on expression: 'pred(*previous, *i)'
Assertion failed on expression: 'pred(*previous, *i)'
Assertion failed on expression: 'pred(*previous, *i)'
Assertion failed on expression: 'pred(*previous, *i)'
Assertion failed on expression: 'pred(*previous, *i)'
Assertion failed on expression: 'pred(*previous, *i)'
Assertion failed on expression: 'pred(*previous, *i)'
Assertion failed on expression: 'pred(*previous, *i)'
Assertion failed on expression: 'pred(*previous, *i)'
Assertion failed on expression: 'pred(*previous, *i)'
Assertion failed on expression: 'pred(*previous, *i)'
Assertion failed on expression: 'pred(*previous, *i)'
Assertion failed on expression: 'pred(*previous, *i)'
Assertion failed on expression: 'pred(*previous, *i)'
Assertion failed on expression: 'pred(*previous, *i)'
Assertion failed on expression: 'pred(*previous, *i)'
Assertion failed on expression: 'pred(*previous, *i)'
Assertion failed on expression: 'pred(*previous, *i)'
Assertion failed on expression: 'pred(*previous, *i)'
Assertion failed on expression: 'pred(*previous, *i)'
Assertion failed on expression: 'pred(*previous, *i)'
Assertion failed on expression: 'pred(*previous, *i)'
Assertion failed on expression: 'pred(*previous, *i)'
Assertion failed on expression: 'pred(*previous, *i)'
Assertion failed on expression: 'pred(*previous, *i)'
Assertion failed on expression: 'pred(*previous, *i)'
Native extension for Android target not found
Native extension for UWP target not found
Native extension for WindowsStandalone target not found
Native extension for WebGL target not found
Mono: successfully reloaded assembly
- Finished resetting the current domain, in  0.932 seconds
Domain Reload Profiling: 1768ms
	BeginReloadAssembly (229ms)
		ExecutionOrderSort (0ms)
		DisableScriptedObjects (5ms)
		BackupInstance (0ms)
		ReleaseScriptingObjects (0ms)
		CreateAndSetChildDomain (60ms)
	RebuildCommonClasses (48ms)
	RebuildNativeTypeToScriptingClass (15ms)
	initialDomainReloadingComplete (32ms)
	LoadAllAssembliesAndSetupDomain (511ms)
		LoadAssemblies (387ms)
		RebuildTransferFunctionScriptingTraits (0ms)
		AnalyzeDomain (240ms)
			TypeCache.Refresh (11ms)
				TypeCache.ScanAssembly (0ms)
			BuildScriptInfoCaches (202ms)
			ResolveRequiredComponents (19ms)
	FinalizeReload (934ms)
		ReleaseScriptCaches (0ms)
		RebuildScriptCaches (0ms)
		SetupLoadedEditorAssemblies (615ms)
			LogAssemblyErrors (0ms)
			InitializePlatformSupportModulesInManaged (22ms)
			SetLoadedEditorAssemblies (6ms)
			BeforeProcessingInitializeOnLoad (73ms)
			ProcessInitializeOnLoadAttributes (454ms)
			ProcessInitializeOnLoadMethodAttributes (54ms)
			AfterProcessingInitializeOnLoad (6ms)
			EditorAssembliesLoaded (1ms)
		ExecutionOrderSort2 (0ms)
		AwakeInstancesAfterBackupRestoration (25ms)
Refreshing native plugins compatible for Editor in 0.95 ms, found 3 plugins.
Preloading 0 native plugins for Editor in 0.00 ms.
Unloading 33 Unused Serialized files (Serialized files now loaded: 0)
Unloading 5841 unused Assets / (6.0 MB). Loaded Objects now: 6527.
Memory consumption went from 160.0 MB to 154.1 MB.
Total: 17.401000 ms (FindLiveObjects: 1.086100 ms CreateObjectMapping: 1.006900 ms MarkObjects: 9.436500 ms  DeleteObjects: 5.865900 ms)

Prepare: number of updated asset objects reloaded= 0
========================================================================
Received Import Request.
  Time since last request: 155.808062 seconds.
  path: Assets/Quibli/Demos/Sample Scene with Quibli/Materials/BillboardBush_01_Close.mat
  artifactKey: Guid(f9ed157a6afad4d5394df0525f17f2c9) Importer(815301076,1909f56bfc062723c751e8b465ee728b)
Start importing Assets/Quibli/Demos/Sample Scene with Quibli/Materials/BillboardBush_01_Close.mat using Guid(f9ed157a6afad4d5394df0525f17f2c9) Importer(815301076,1909f56bfc062723c751e8b465ee728b) (PreviewImporter) -> (artifact id: '3df447b1cd1fa2109370fb80d3e684dc') in 2.2135523 seconds
Number of updated asset objects reloaded before import = 0Number of asset objects unloaded after import = 40

========================================================================
Received Import Request.
  Time since last request: 0.000052 seconds.
  path: Assets/Quibli/Demos/City/Materials/City_Building_Roof_1.mat
  artifactKey: Guid(ff5932eed18c6475aa2f48a1a9d8099d) Importer(815301076,1909f56bfc062723c751e8b465ee728b)
Start importing Assets/Quibli/Demos/City/Materials/City_Building_Roof_1.mat using Guid(ff5932eed18c6475aa2f48a1a9d8099d) Importer(815301076,1909f56bfc062723c751e8b465ee728b) (PreviewImporter) -> (artifact id: '197ebdde5259895eb9872ad1ea63c98f') in 1.1272372 seconds
Number of updated asset objects reloaded before import = 0Number of asset objects unloaded after import = 27

========================================================================
Received Import Request.
  Time since last request: 0.000052 seconds.
  path: Assets/Quibli/Demos/City/Materials/City_Metal_1.mat
  artifactKey: Guid(504cf4c13d54a430ea8be0a2479c97d5) Importer(815301076,1909f56bfc062723c751e8b465ee728b)
Start importing Assets/Quibli/Demos/City/Materials/City_Metal_1.mat using Guid(504cf4c13d54a430ea8be0a2479c97d5) Importer(815301076,1909f56bfc062723c751e8b465ee728b) (PreviewImporter) -> (artifact id: 'af68f601fa5889b3b2895f871d3f1be1') in 0.029548 seconds
Number of updated asset objects reloaded before import = 0Number of asset objects unloaded after import = 27

========================================================================
Received Import Request.
  Time since last request: 0.000044 seconds.
  path: Assets/Quibli/Demos/City/Materials/City_Building_Wall_1.mat
  artifactKey: Guid(3cac380ccbb9d4534a718e9703c6a281) Importer(815301076,1909f56bfc062723c751e8b465ee728b)
Start importing Assets/Quibli/Demos/City/Materials/City_Building_Wall_1.mat using Guid(3cac380ccbb9d4534a718e9703c6a281) Importer(815301076,1909f56bfc062723c751e8b465ee728b) (PreviewImporter) -> (artifact id: '4734193f59a45f02385b2eecea4260ae') in 0.7841948 seconds
Number of updated asset objects reloaded before import = 0Number of asset objects unloaded after import = 29

========================================================================
Received Import Request.
  Time since last request: 0.000030 seconds.
  path: Assets/Quibli/Demos/Clouds/Clouds Materials/Clouds_Cloud2D_12.mat
  artifactKey: Guid(e44c27848c34f41b0b33de1884aee8b4) Importer(815301076,1909f56bfc062723c751e8b465ee728b)
Start importing Assets/Quibli/Demos/Clouds/Clouds Materials/Clouds_Cloud2D_12.mat using Guid(e44c27848c34f41b0b33de1884aee8b4) Importer(815301076,1909f56bfc062723c751e8b465ee728b) (PreviewImporter) -> (artifact id: '47f732762355ddfc4494bfca818647e3') in 0.4196328 seconds
Number of updated asset objects reloaded before import = 0Number of asset objects unloaded after import = 28

========================================================================
Received Import Request.
  Time since last request: 0.000065 seconds.
  path: Assets/Quibli/Demos/City/Materials/City_Trash_Bin_2.mat
  artifactKey: Guid(e6a3c7b9df1124016a8dcddedcdf8df2) Importer(815301076,1909f56bfc062723c751e8b465ee728b)
Start importing Assets/Quibli/Demos/City/Materials/City_Trash_Bin_2.mat using Guid(e6a3c7b9df1124016a8dcddedcdf8df2) Importer(815301076,1909f56bfc062723c751e8b465ee728b) (PreviewImporter) -> (artifact id: '7e9b6da74ef2a79b288217c2402db4b3') in 1.0770762 seconds
Number of updated asset objects reloaded before import = 0Number of asset objects unloaded after import = 27

========================================================================
Received Import Request.
  Time since last request: 0.000060 seconds.
  path: Assets/Quibli/Demos/City/Materials/City_Road_2_2.mat
  artifactKey: Guid(7c64c8367745b4aaa9d32bc4f47d3857) Importer(815301076,1909f56bfc062723c751e8b465ee728b)
Start importing Assets/Quibli/Demos/City/Materials/City_Road_2_2.mat using Guid(7c64c8367745b4aaa9d32bc4f47d3857) Importer(815301076,1909f56bfc062723c751e8b465ee728b) (PreviewImporter) -> (artifact id: '0e48f75b04393d8b02c4913f96cb35c7') in 1.346005 seconds
Number of updated asset objects reloaded before import = 0Number of asset objects unloaded after import = 29

========================================================================
Received Import Request.
  Time since last request: 0.000044 seconds.
  path: Assets/Quibli/Demos/City/Materials/City_Building_WindowFrame_2.mat
  artifactKey: Guid(0c63b9ff510c64c3f95a489c39ce30a5) Importer(815301076,1909f56bfc062723c751e8b465ee728b)
Start importing Assets/Quibli/Demos/City/Materials/City_Building_WindowFrame_2.mat using Guid(0c63b9ff510c64c3f95a489c39ce30a5) Importer(815301076,1909f56bfc062723c751e8b465ee728b) (PreviewImporter) -> (artifact id: '6e67df9752456efd4bfb6c3ec399bd30') in 0.0262086 seconds
Number of updated asset objects reloaded before import = 0Number of asset objects unloaded after import = 28

========================================================================
Received Import Request.
  Time since last request: 0.000043 seconds.
  path: Assets/Quibli/Demos/City/Materials/City_Cloud2D_2.mat
  artifactKey: Guid(894d0bcfbdc8b4e289c83eacc85c0e86) Importer(815301076,1909f56bfc062723c751e8b465ee728b)
Start importing Assets/Quibli/Demos/City/Materials/City_Cloud2D_2.mat using Guid(894d0bcfbdc8b4e289c83eacc85c0e86) Importer(815301076,1909f56bfc062723c751e8b465ee728b) (PreviewImporter) -> (artifact id: '0c830aef2e1c36e0e20b0346d1eadd73') in 0.0599501 seconds
Number of updated asset objects reloaded before import = 0Number of asset objects unloaded after import = 32

========================================================================
Received Import Request.
  Time since last request: 0.000040 seconds.
  path: Assets/Quibli/Demos/City/Materials/City_Building_WindowFrame_4.mat
  artifactKey: Guid(9511594d6e0f2421d8dd7ab1fb9eb9b2) Importer(815301076,1909f56bfc062723c751e8b465ee728b)
Start importing Assets/Quibli/Demos/City/Materials/City_Building_WindowFrame_4.mat using Guid(9511594d6e0f2421d8dd7ab1fb9eb9b2) Importer(815301076,1909f56bfc062723c751e8b465ee728b) (PreviewImporter) -> (artifact id: '1be33b0e944d51586f6bae1bfc625bbe') in 0.021587 seconds
Number of updated asset objects reloaded before import = 0Number of asset objects unloaded after import = 27

========================================================================
Received Import Request.
  Time since last request: 0.000041 seconds.
  path: Assets/Quibli/Demos/City/Materials/City_Skybox.mat
  artifactKey: Guid(51c16ea01309d4270aeea5f85df8575d) Importer(815301076,1909f56bfc062723c751e8b465ee728b)
Start importing Assets/Quibli/Demos/City/Materials/City_Skybox.mat using Guid(51c16ea01309d4270aeea5f85df8575d) Importer(815301076,1909f56bfc062723c751e8b465ee728b) (PreviewImporter) -> (artifact id: 'b91e5c75c38cd5d5efe12699f72551ab') in 0.050529 seconds
Number of updated asset objects reloaded before import = 0Number of asset objects unloaded after import = 27

========================================================================
Received Import Request.
  Time since last request: 0.000023 seconds.
  path: Assets/Quibli/Demos/Clouds/Clouds Materials/Clouds_Cloud2D_11.mat
  artifactKey: Guid(48069f6a0c7f34d3fb15638b2dbf254a) Importer(815301076,1909f56bfc062723c751e8b465ee728b)
Start importing Assets/Quibli/Demos/Clouds/Clouds Materials/Clouds_Cloud2D_11.mat using Guid(48069f6a0c7f34d3fb15638b2dbf254a) Importer(815301076,1909f56bfc062723c751e8b465ee728b) (PreviewImporter) -> (artifact id: 'd05ce43abc8da5a8377f2f510fe4289d') in 0.0347127 seconds
Number of updated asset objects reloaded before import = 0Number of asset objects unloaded after import = 28

========================================================================
Received Import Request.
  Time since last request: 0.000044 seconds.
  path: Assets/Quibli/Demos/Clouds/Clouds Materials/Clouds_Cloud2D_7.mat
  artifactKey: Guid(5b82fb9aa6cde48b5833bc559853e884) Importer(815301076,1909f56bfc062723c751e8b465ee728b)
Start importing Assets/Quibli/Demos/Clouds/Clouds Materials/Clouds_Cloud2D_7.mat using Guid(5b82fb9aa6cde48b5833bc559853e884) Importer(815301076,1909f56bfc062723c751e8b465ee728b) (PreviewImporter) -> (artifact id: '54de760bda5d8a603b087eb739fbecfd') in 0.0513097 seconds
Number of updated asset objects reloaded before import = 0Number of asset objects unloaded after import = 28

========================================================================
Received Import Request.
  Time since last request: 0.000044 seconds.
  path: Assets/Quibli/Demos/City/Materials/City_Metal_2.mat
  artifactKey: Guid(f4677ede70a8e498a925b4a2f11eb905) Importer(815301076,1909f56bfc062723c751e8b465ee728b)
Start importing Assets/Quibli/Demos/City/Materials/City_Metal_2.mat using Guid(f4677ede70a8e498a925b4a2f11eb905) Importer(815301076,1909f56bfc062723c751e8b465ee728b) (PreviewImporter) -> (artifact id: '265daebd62c2a1e3efdcec12c7c87efa') in 1.1810382 seconds
Number of updated asset objects reloaded before import = 0Number of asset objects unloaded after import = 28

========================================================================
Received Import Request.
  Time since last request: 0.000057 seconds.
  path: Assets/Quibli/Demos/Clouds/Clouds Materials/Clouds_Cloud2D_1.mat
  artifactKey: Guid(d3c8806beb832410388268de321ad300) Importer(815301076,1909f56bfc062723c751e8b465ee728b)
Start importing Assets/Quibli/Demos/Clouds/Clouds Materials/Clouds_Cloud2D_1.mat using Guid(d3c8806beb832410388268de321ad300) Importer(815301076,1909f56bfc062723c751e8b465ee728b) (PreviewImporter) -> (artifact id: '1f439a6e2dc0428dc5d9792bfdad07b6') in 0.0350821 seconds
Number of updated asset objects reloaded before import = 0Number of asset objects unloaded after import = 28

========================================================================
Received Import Request.
  Time since last request: 0.000038 seconds.
  path: Assets/Hovl Studio/HSFiles/Materials/CircleAnim3bcg.mat
  artifactKey: Guid(e058e5c9c524f1f4c9788ac81dba7731) Importer(815301076,1909f56bfc062723c751e8b465ee728b)
Start importing Assets/Hovl Studio/HSFiles/Materials/CircleAnim3bcg.mat using Guid(e058e5c9c524f1f4c9788ac81dba7731) Importer(815301076,1909f56bfc062723c751e8b465ee728b) (PreviewImporter) -> (artifact id: '296567153a0b647c93d8599066b63fba') in 0.0470242 seconds
Number of updated asset objects reloaded before import = 0Number of asset objects unloaded after import = 26

========================================================================
Received Import Request.
  Time since last request: 0.000026 seconds.
  path: Assets/Quibli/Demos/City/Materials/City_Building_Wall_5.mat
  artifactKey: Guid(974368a2de43746f08f53b07a7bab38f) Importer(815301076,1909f56bfc062723c751e8b465ee728b)
Start importing Assets/Quibli/Demos/City/Materials/City_Building_Wall_5.mat using Guid(974368a2de43746f08f53b07a7bab38f) Importer(815301076,1909f56bfc062723c751e8b465ee728b) (PreviewImporter) -> (artifact id: 'ed34e70c393be86c534abecf05c8a64f') in 0.0262229 seconds
Number of updated asset objects reloaded before import = 0Number of asset objects unloaded after import = 28

========================================================================
Received Import Request.
  Time since last request: 0.000057 seconds.
  path: Assets/Quibli/Demos/Clouds/Clouds Materials/Clouds_Cloud2D_6.mat
  artifactKey: Guid(2a8f9d6ca64b64901b2c68376c89cde3) Importer(815301076,1909f56bfc062723c751e8b465ee728b)
Start importing Assets/Quibli/Demos/Clouds/Clouds Materials/Clouds_Cloud2D_6.mat using Guid(2a8f9d6ca64b64901b2c68376c89cde3) Importer(815301076,1909f56bfc062723c751e8b465ee728b) (PreviewImporter) -> (artifact id: '519013ee5a5769c5439f7b5fa44640d0') in 0.0316141 seconds
Number of updated asset objects reloaded before import = 0Number of asset objects unloaded after import = 28

========================================================================
Received Import Request.
  Time since last request: 0.000082 seconds.
  path: Assets/Quibli/Demos/City/Materials/City_Building_Wall_6.mat
  artifactKey: Guid(44df21e9e5eca453fa2bb5b3f02ed440) Importer(815301076,1909f56bfc062723c751e8b465ee728b)
Start importing Assets/Quibli/Demos/City/Materials/City_Building_Wall_6.mat using Guid(44df21e9e5eca453fa2bb5b3f02ed440) Importer(815301076,1909f56bfc062723c751e8b465ee728b) (PreviewImporter) -> (artifact id: '4db19c8feff541cf711e0b6194bfdfe6') in 0.0348968 seconds
Number of updated asset objects reloaded before import = 0Number of asset objects unloaded after import = 27

========================================================================
Received Import Request.
  Time since last request: 0.000037 seconds.
  path: Assets/Quibli/Demos/Clouds/Clouds Materials/Clouds_Cloud2D_2.mat
  artifactKey: Guid(92bfa0ec2106143faa7914d0647f8132) Importer(815301076,1909f56bfc062723c751e8b465ee728b)
Start importing Assets/Quibli/Demos/Clouds/Clouds Materials/Clouds_Cloud2D_2.mat using Guid(92bfa0ec2106143faa7914d0647f8132) Importer(815301076,1909f56bfc062723c751e8b465ee728b) (PreviewImporter) -> (artifact id: 'ee5307380ac13e19264d2687b48a8cc6') in 0.0466911 seconds
Number of updated asset objects reloaded before import = 0Number of asset objects unloaded after import = 28

========================================================================
Received Import Request.
  Time since last request: 0.000059 seconds.
  path: Assets/Quibli/Demos/City/Materials/City_Rubber.mat
  artifactKey: Guid(4afa463df90e94514a66e7c2de194890) Importer(815301076,1909f56bfc062723c751e8b465ee728b)
Start importing Assets/Quibli/Demos/City/Materials/City_Rubber.mat using Guid(4afa463df90e94514a66e7c2de194890) Importer(815301076,1909f56bfc062723c751e8b465ee728b) (PreviewImporter) -> (artifact id: '9e9df5bf7c8f2a628199414770487d2f') in 0.0369613 seconds
Number of updated asset objects reloaded before import = 0Number of asset objects unloaded after import = 27

========================================================================
Received Import Request.
  Time since last request: 0.000166 seconds.
  path: Assets/Quibli/Demos/Clouds/Clouds Materials/Clouds_Cloud2D_8.mat
  artifactKey: Guid(089db82ba2b654c74b93fd7b7571d63f) Importer(815301076,1909f56bfc062723c751e8b465ee728b)
Start importing Assets/Quibli/Demos/Clouds/Clouds Materials/Clouds_Cloud2D_8.mat using Guid(089db82ba2b654c74b93fd7b7571d63f) Importer(815301076,1909f56bfc062723c751e8b465ee728b) (PreviewImporter) -> (artifact id: 'abe6bd8e2b3a2261e508efe5f5d31095') in 0.0510864 seconds
Number of updated asset objects reloaded before import = 0Number of asset objects unloaded after import = 28

========================================================================
Received Import Request.
  Time since last request: 0.000134 seconds.
  path: Assets/Quibli/Demos/City/Materials/City_Building_Wall_9.mat
  artifactKey: Guid(37cdc217669ea4a6890f941ffbea9904) Importer(815301076,1909f56bfc062723c751e8b465ee728b)
Start importing Assets/Quibli/Demos/City/Materials/City_Building_Wall_9.mat using Guid(37cdc217669ea4a6890f941ffbea9904) Importer(815301076,1909f56bfc062723c751e8b465ee728b) (PreviewImporter) -> (artifact id: 'f37c67785313e36a1750774d473a461c') in 1.0398106 seconds
Number of updated asset objects reloaded before import = 0Number of asset objects unloaded after import = 27

========================================================================
Received Import Request.
  Time since last request: 0.000033 seconds.
  path: Assets/Quibli/Demos/Sample Scene with Quibli/Materials/BillboardBush_05.mat
  artifactKey: Guid(e7ba03938476349aba11d59dcde21772) Importer(815301076,1909f56bfc062723c751e8b465ee728b)
Start importing Assets/Quibli/Demos/Sample Scene with Quibli/Materials/BillboardBush_05.mat using Guid(e7ba03938476349aba11d59dcde21772) Importer(815301076,1909f56bfc062723c751e8b465ee728b) (PreviewImporter) -> (artifact id: '76c0603f7f0fc653740bb34d2277f741') in 2.2677921 seconds
Number of updated asset objects reloaded before import = 0Number of asset objects unloaded after import = 29

========================================================================
Received Import Request.
  Time since last request: 0.000096 seconds.
  path: Assets/Quibli/Demos/City/Materials/City_Building_Roof_2.mat
  artifactKey: Guid(4d6a8b2ff76bc4896bd327db1a75cdea) Importer(815301076,1909f56bfc062723c751e8b465ee728b)
Start importing Assets/Quibli/Demos/City/Materials/City_Building_Roof_2.mat using Guid(4d6a8b2ff76bc4896bd327db1a75cdea) Importer(815301076,1909f56bfc062723c751e8b465ee728b) (PreviewImporter) -> (artifact id: '1d37dab6d2fc1da015eda9a064614877') in 0.0454665 seconds
Number of updated asset objects reloaded before import = 0Number of asset objects unloaded after import = 27

========================================================================
Received Import Request.
  Time since last request: 0.000070 seconds.
  path: Assets/Quibli/Demos/Sample Scene with Quibli/Materials/BIllboardBush_02.mat
  artifactKey: Guid(d32b9679f0e2e4456adb25d4f9f3dd4a) Importer(815301076,1909f56bfc062723c751e8b465ee728b)
Start importing Assets/Quibli/Demos/Sample Scene with Quibli/Materials/BIllboardBush_02.mat using Guid(d32b9679f0e2e4456adb25d4f9f3dd4a) Importer(815301076,1909f56bfc062723c751e8b465ee728b) (PreviewImporter) -> (artifact id: '89bd905f191595badff314015b99f993') in 0.0312831 seconds
Number of updated asset objects reloaded before import = 0Number of asset objects unloaded after import = 29

========================================================================
Received Import Request.
  Time since last request: 0.000083 seconds.
  path: Assets/Quibli/Demos/City/Materials/City_Cloud2D_1.mat
  artifactKey: Guid(eef9c87fe1cf649ddb0068c682b98ed5) Importer(815301076,1909f56bfc062723c751e8b465ee728b)
Start importing Assets/Quibli/Demos/City/Materials/City_Cloud2D_1.mat using Guid(eef9c87fe1cf649ddb0068c682b98ed5) Importer(815301076,1909f56bfc062723c751e8b465ee728b) (PreviewImporter) -> (artifact id: '1e127d3261f28c2c0c5562a34357b702') in 0.0396139 seconds
Number of updated asset objects reloaded before import = 0Number of asset objects unloaded after import = 32

========================================================================
Received Import Request.
  Time since last request: 0.000028 seconds.
  path: Assets/Quibli/Demos/City/Materials/City_Building_Wall_3.mat
  artifactKey: Guid(2447d11baeb1a495c857630f74110e51) Importer(815301076,1909f56bfc062723c751e8b465ee728b)
Start importing Assets/Quibli/Demos/City/Materials/City_Building_Wall_3.mat using Guid(2447d11baeb1a495c857630f74110e51) Importer(815301076,1909f56bfc062723c751e8b465ee728b) (PreviewImporter) -> (artifact id: '2eff5c8b83f33eeb5ef08eeab789de46') in 0.0202027 seconds
Number of updated asset objects reloaded before import = 0Number of asset objects unloaded after import = 27

========================================================================
Received Import Request.
  Time since last request: 0.000034 seconds.
  path: Assets/Quibli/Demos/City/Materials/City_Lantern_3.mat
  artifactKey: Guid(b1fa0183cde9a46e2b2536d501a31dc4) Importer(815301076,1909f56bfc062723c751e8b465ee728b)
Start importing Assets/Quibli/Demos/City/Materials/City_Lantern_3.mat using Guid(b1fa0183cde9a46e2b2536d501a31dc4) Importer(815301076,1909f56bfc062723c751e8b465ee728b) (PreviewImporter) -> (artifact id: '9ec79aeb2a5d42abf78b7ee268f1bcbb') in 0.0335501 seconds
Number of updated asset objects reloaded before import = 0Number of asset objects unloaded after import = 27

========================================================================
Received Import Request.
  Time since last request: 0.000036 seconds.
  path: Assets/Quibli/Demos/City/Materials/City_Road_1_1.mat
  artifactKey: Guid(ecbce6300dbf54f08ac7d5ffd2db3d8b) Importer(815301076,1909f56bfc062723c751e8b465ee728b)
Start importing Assets/Quibli/Demos/City/Materials/City_Road_1_1.mat using Guid(ecbce6300dbf54f08ac7d5ffd2db3d8b) Importer(815301076,1909f56bfc062723c751e8b465ee728b) (PreviewImporter) -> (artifact id: '6c8ddb1e8594586160466a8753646567') in 1.1611321 seconds
Number of updated asset objects reloaded before import = 0Number of asset objects unloaded after import = 30

========================================================================
Received Import Request.
  Time since last request: 0.000034 seconds.
  path: Assets/Quibli/Demos/Sample Scene with Quibli/Materials/BillboardBush_08.mat
  artifactKey: Guid(ceb5d8a3125994d81be6b75dd0e63f86) Importer(815301076,1909f56bfc062723c751e8b465ee728b)
Start importing Assets/Quibli/Demos/Sample Scene with Quibli/Materials/BillboardBush_08.mat using Guid(ceb5d8a3125994d81be6b75dd0e63f86) Importer(815301076,1909f56bfc062723c751e8b465ee728b) (PreviewImporter) -> (artifact id: 'bf8ee4f0397491e587904d210225237f') in 0.0306855 seconds
Number of updated asset objects reloaded before import = 0Number of asset objects unloaded after import = 29

========================================================================
Received Import Request.
  Time since last request: 0.000026 seconds.
  path: Assets/Quibli/Demos/City/Materials/City_Foliage_Tree.mat
  artifactKey: Guid(9011086fef4b447498642557fe3bbf09) Importer(815301076,1909f56bfc062723c751e8b465ee728b)
Start importing Assets/Quibli/Demos/City/Materials/City_Foliage_Tree.mat using Guid(9011086fef4b447498642557fe3bbf09) Importer(815301076,1909f56bfc062723c751e8b465ee728b) (PreviewImporter) -> (artifact id: '953a24e0b3f148ed7bb7dddc979d0e8b') in 0.0289195 seconds
Number of updated asset objects reloaded before import = 0Number of asset objects unloaded after import = 29

========================================================================
Received Import Request.
  Time since last request: 0.000030 seconds.
  path: Assets/Quibli/Demos/City/Materials/City_Building_Wall_12.mat
  artifactKey: Guid(19b362d06686c42dd950068d93f292f7) Importer(815301076,1909f56bfc062723c751e8b465ee728b)
Start importing Assets/Quibli/Demos/City/Materials/City_Building_Wall_12.mat using Guid(19b362d06686c42dd950068d93f292f7) Importer(815301076,1909f56bfc062723c751e8b465ee728b) (PreviewImporter) -> (artifact id: '3e95dee687381ee03175ea858f7da50e') in 0.0342701 seconds
Number of updated asset objects reloaded before import = 0Number of asset objects unloaded after import = 28

========================================================================
Received Import Request.
  Time since last request: 0.000031 seconds.
  path: Assets/Quibli/Demos/City/Materials/City_Metal_4.mat
  artifactKey: Guid(be95ba33288144d74a9d25ed5f9e8239) Importer(815301076,1909f56bfc062723c751e8b465ee728b)
Start importing Assets/Quibli/Demos/City/Materials/City_Metal_4.mat using Guid(be95ba33288144d74a9d25ed5f9e8239) Importer(815301076,1909f56bfc062723c751e8b465ee728b) (PreviewImporter) -> (artifact id: '7115bc9cbaf304a5d8bb3c04db3d91e5') in 0.0204385 seconds
Number of updated asset objects reloaded before import = 0Number of asset objects unloaded after import = 27

========================================================================
Received Import Request.
  Time since last request: 0.000049 seconds.
  path: Assets/Quibli/Demos/City/Materials/City_Building_WindowFrame_3.mat
  artifactKey: Guid(92423ae23b8e94f8794cbbbdc5fb1c71) Importer(815301076,1909f56bfc062723c751e8b465ee728b)
Start importing Assets/Quibli/Demos/City/Materials/City_Building_WindowFrame_3.mat using Guid(92423ae23b8e94f8794cbbbdc5fb1c71) Importer(815301076,1909f56bfc062723c751e8b465ee728b) (PreviewImporter) -> (artifact id: 'a00b4fa8b06c9ea6b31cb87ec885c210') in 0.0372761 seconds
Number of updated asset objects reloaded before import = 0Number of asset objects unloaded after import = 27

========================================================================
Received Import Request.
  Time since last request: 0.000036 seconds.
  path: Assets/Quibli/Demos/City/Materials/City_Metal_7.mat
  artifactKey: Guid(bb8c5e92139a34402959de258cbbb3dd) Importer(815301076,1909f56bfc062723c751e8b465ee728b)
Start importing Assets/Quibli/Demos/City/Materials/City_Metal_7.mat using Guid(bb8c5e92139a34402959de258cbbb3dd) Importer(815301076,1909f56bfc062723c751e8b465ee728b) (PreviewImporter) -> (artifact id: '19999e05653b704e6a94340b40fc7abc') in 0.0268552 seconds
Number of updated asset objects reloaded before import = 0Number of asset objects unloaded after import = 27

========================================================================
Received Import Request.
  Time since last request: 0.000093 seconds.
  path: Assets/Quibli/Demos/City/Materials/City_Metal_11.mat
  artifactKey: Guid(802c2735fa0434f63b03f79d05463d2d) Importer(815301076,1909f56bfc062723c751e8b465ee728b)
Start importing Assets/Quibli/Demos/City/Materials/City_Metal_11.mat using Guid(802c2735fa0434f63b03f79d05463d2d) Importer(815301076,1909f56bfc062723c751e8b465ee728b) (PreviewImporter) -> (artifact id: '5b979d535d467554f84364c960511cf5') in 1.0614817 seconds
Number of updated asset objects reloaded before import = 0Number of asset objects unloaded after import = 27

Editor requested this worker to shutdown with reason: Scaling down because of idle timeout
AssetImportWorker is now disconnected from the server
Process exiting
Exiting without the bug reporter. Application will terminate with return code 0