Using pre-set license
Built from '2023.2/staging' branch; Version is '2023.2.17f1 (396a1c6fe404) revision 3762716'; Using compiler version '193431935'; Build Type 'Release'
OS: 'Windows 11  (10.0.22631) 64bit Core' Language: 'fr' Physical Memory: 32459 MB
BatchMode: 1, IsHumanControllingUs: 0, StartBugReporterOnCrash: 0, Is64bit: 1, IsPro: 1

COMMAND LINE ARGUMENTS:
C:\Program Files\Unity\Hub\Editor\2023.2.17f1\Editor\Unity.exe
-adb2
-batchMode
-noUpm
-name
AssetImportWorker7
-projectPath
D:/Projet/Tank_Workshop
-logFile
Logs/AssetImportWorker7.log
-srvPort
55491
-job-worker-count
7
-background-job-worker-count
8
-asset-garbage-collectors
1
Successfully changed project path to: D:/Projet/Tank_Workshop
D:/Projet/Tank_Workshop
[UnityMemory] Configuration Parameters - Can be set up in boot.config
    "memorysetup-bucket-allocator-granularity=16"
    "memorysetup-bucket-allocator-bucket-count=8"
    "memorysetup-bucket-allocator-block-size=33554432"
    "memorysetup-bucket-allocator-block-count=8"
    "memorysetup-main-allocator-block-size=16777216"
    "memorysetup-thread-allocator-block-size=16777216"
    "memorysetup-gfx-main-allocator-block-size=16777216"
    "memorysetup-gfx-thread-allocator-block-size=16777216"
    "memorysetup-cache-allocator-block-size=4194304"
    "memorysetup-typetree-allocator-block-size=2097152"
    "memorysetup-profiler-bucket-allocator-granularity=16"
    "memorysetup-profiler-bucket-allocator-bucket-count=8"
    "memorysetup-profiler-bucket-allocator-block-size=33554432"
    "memorysetup-profiler-bucket-allocator-block-count=8"
    "memorysetup-profiler-allocator-block-size=16777216"
    "memorysetup-profiler-editor-allocator-block-size=1048576"
    "memorysetup-temp-allocator-size-main=16777216"
    "memorysetup-job-temp-allocator-block-size=2097152"
    "memorysetup-job-temp-allocator-block-size-background=1048576"
    "memorysetup-job-temp-allocator-reduction-small-platforms=262144"
    "memorysetup-allocator-temp-initial-block-size-main=262144"
    "memorysetup-allocator-temp-initial-block-size-worker=262144"
    "memorysetup-temp-allocator-size-background-worker=32768"
    "memorysetup-temp-allocator-size-job-worker=262144"
    "memorysetup-temp-allocator-size-preload-manager=33554432"
    "memorysetup-temp-allocator-size-nav-mesh-worker=65536"
    "memorysetup-temp-allocator-size-audio-worker=65536"
    "memorysetup-temp-allocator-size-cloud-worker=32768"
    "memorysetup-temp-allocator-size-gi-baking-worker=262144"
    "memorysetup-temp-allocator-size-gi-baking-worker=262144"
    "memorysetup-temp-allocator-size-gi-baking-worker=262144"
    "memorysetup-temp-allocator-size-gi-baking-worker=262144"
    "memorysetup-temp-allocator-size-gfx=262144"
Player connection [31644] Host "[IP] 192.168.1.20 [Port] 0 [Flags] 2 [Guid] 951122397 [EditorId] 951122397 [Version] 1048832 [Id] WindowsEditor(7,Luis) [Debug] 1 [PackageName] WindowsEditor [ProjectName] Editor" joined multi-casting on [225.0.0.222:54997]...
Player connection [31644] Host "[IP] 192.168.1.20 [Port] 0 [Flags] 2 [Guid] 951122397 [EditorId] 951122397 [Version] 1048832 [Id] WindowsEditor(7,Luis) [Debug] 1 [PackageName] WindowsEditor [ProjectName] Editor" joined alternative multi-casting on [225.0.0.222:34997]...
JobSystem: Creating JobQueue using job-worker-count value 7
[Physics::Module] Initialized MultithreadedJobDispatcher with 7 workers.
Library Redirect Path: Library/
Refreshing native plugins compatible for Editor in 3.67 ms, found 3 plugins.
Preloading 0 native plugins for Editor in 0.00 ms.
Initialize engine version: 2023.2.17f1 (396a1c6fe404)
[Subsystems] Discovering subsystems at path C:/Program Files/Unity/Hub/Editor/2023.2.17f1/Editor/Data/Resources/UnitySubsystems
[Subsystems] Discovering subsystems at path D:/Projet/Tank_Workshop/Assets
GfxDevice: creating device client; kGfxThreadingModeNonThreaded
Direct3D:
    Version:  Direct3D 11.0 [level 11.1]
    Renderer: NVIDIA GeForce RTX 3060 Laptop GPU (ID=0x2520)
    Vendor:   NVIDIA
    VRAM:     5996 MB
    Driver:   31.0.15.5186
Initialize mono
Mono path[0] = 'C:/Program Files/Unity/Hub/Editor/2023.2.17f1/Editor/Data/Managed'
Mono path[1] = 'C:/Program Files/Unity/Hub/Editor/2023.2.17f1/Editor/Data/MonoBleedingEdge/lib/mono/unityjit-win32'
Mono config path = 'C:/Program Files/Unity/Hub/Editor/2023.2.17f1/Editor/Data/MonoBleedingEdge/etc'
Using monoOptions --debugger-agent=transport=dt_socket,embedding=1,server=y,suspend=n,address=127.0.0.1:56732
Begin MonoManager ReloadAssembly
Registering precompiled unity dll's ...
Register platform support module: C:/Program Files/Unity/Hub/Editor/2023.2.17f1/Editor/Data/PlaybackEngines/WebGLSupport/UnityEditor.WebGL.Extensions.dll
Register platform support module: C:/Program Files/Unity/Hub/Editor/2023.2.17f1/Editor/Data/PlaybackEngines/WindowsStandaloneSupport/UnityEditor.WindowsStandalone.Extensions.dll
Register platform support module: C:/Program Files/Unity/Hub/Editor/2023.2.17f1/Editor/Data/PlaybackEngines/MetroSupport/UnityEditor.UWP.Extensions.dll
Register platform support module: C:/Program Files/Unity/Hub/Editor/2023.2.17f1/Editor/Data/PlaybackEngines/AndroidPlayer/UnityEditor.Android.Extensions.dll
Registered in 0.005948 seconds.
- Loaded All Assemblies, in  0.545 seconds
Native extension for Android target not found
Android Extension - Scanning For ADB Devices 835 ms
Native extension for UWP target not found
Native extension for WindowsStandalone target not found
Native extension for WebGL target not found
Mono: successfully reloaded assembly
- Finished resetting the current domain, in  1.229 seconds
Domain Reload Profiling: 1772ms
	BeginReloadAssembly (180ms)
		ExecutionOrderSort (0ms)
		DisableScriptedObjects (0ms)
		BackupInstance (0ms)
		ReleaseScriptingObjects (0ms)
		CreateAndSetChildDomain (1ms)
	RebuildCommonClasses (44ms)
	RebuildNativeTypeToScriptingClass (13ms)
	initialDomainReloadingComplete (68ms)
	LoadAllAssembliesAndSetupDomain (237ms)
		LoadAssemblies (177ms)
		RebuildTransferFunctionScriptingTraits (0ms)
		AnalyzeDomain (232ms)
			TypeCache.Refresh (229ms)
				TypeCache.ScanAssembly (207ms)
			BuildScriptInfoCaches (0ms)
			ResolveRequiredComponents (1ms)
	FinalizeReload (1229ms)
		ReleaseScriptCaches (0ms)
		RebuildScriptCaches (0ms)
		SetupLoadedEditorAssemblies (1159ms)
			LogAssemblyErrors (0ms)
			InitializePlatformSupportModulesInManaged (967ms)
			SetLoadedEditorAssemblies (4ms)
			BeforeProcessingInitializeOnLoad (7ms)
			ProcessInitializeOnLoadAttributes (136ms)
			ProcessInitializeOnLoadMethodAttributes (46ms)
			AfterProcessingInitializeOnLoad (0ms)
			EditorAssembliesLoaded (0ms)
		ExecutionOrderSort2 (0ms)
		AwakeInstancesAfterBackupRestoration (0ms)
========================================================================
Worker process is ready to serve import requests
Import Worker Mode flag is 0x00
Begin MonoManager ReloadAssembly
- Loaded All Assemblies, in  0.997 seconds
Refreshing native plugins compatible for Editor in 0.49 ms, found 3 plugins.
Native extension for Android target not found
Native extension for UWP target not found
Native extension for WindowsStandalone target not found
Native extension for WebGL target not found
Mono: successfully reloaded assembly
- Finished resetting the current domain, in  0.853 seconds
Domain Reload Profiling: 1848ms
	BeginReloadAssembly (467ms)
		ExecutionOrderSort (0ms)
		DisableScriptedObjects (5ms)
		BackupInstance (0ms)
		ReleaseScriptingObjects (0ms)
		CreateAndSetChildDomain (34ms)
	RebuildCommonClasses (35ms)
	RebuildNativeTypeToScriptingClass (11ms)
	initialDomainReloadingComplete (43ms)
	LoadAllAssembliesAndSetupDomain (438ms)
		LoadAssemblies (309ms)
		RebuildTransferFunctionScriptingTraits (0ms)
		AnalyzeDomain (227ms)
			TypeCache.Refresh (184ms)
				TypeCache.ScanAssembly (165ms)
			BuildScriptInfoCaches (30ms)
			ResolveRequiredComponents (10ms)
	FinalizeReload (854ms)
		ReleaseScriptCaches (0ms)
		RebuildScriptCaches (0ms)
		SetupLoadedEditorAssemblies (469ms)
			LogAssemblyErrors (0ms)
			InitializePlatformSupportModulesInManaged (17ms)
			SetLoadedEditorAssemblies (5ms)
			BeforeProcessingInitializeOnLoad (46ms)
			ProcessInitializeOnLoadAttributes (364ms)
			ProcessInitializeOnLoadMethodAttributes (31ms)
			AfterProcessingInitializeOnLoad (6ms)
			EditorAssembliesLoaded (0ms)
		ExecutionOrderSort2 (0ms)
		AwakeInstancesAfterBackupRestoration (10ms)
Launched and connected shader compiler UnityShaderCompiler.exe after 0.01 seconds
Refreshing native plugins compatible for Editor in 0.49 ms, found 3 plugins.
Preloading 0 native plugins for Editor in 0.00 ms.
Unloading 178 Unused Serialized files (Serialized files now loaded: 0)
Unloading 5765 unused Assets / (5.4 MB). Loaded Objects now: 6464.
Memory consumption went from 174.6 MB to 169.2 MB.
Total: 7.995800 ms (FindLiveObjects: 0.663500 ms CreateObjectMapping: 0.629700 ms MarkObjects: 4.271400 ms  DeleteObjects: 2.430000 ms)

========================================================================
Received Import Request.
  Time since last request: 13841.486226 seconds.
  path: Assets/kenney_input-prompts/PlayStation Series/Double/controller_playstation4.png
  artifactKey: Guid(91b6a1d0bd99e3a4b8356f2f9d9b2a6b) Importer(815301076,1909f56bfc062723c751e8b465ee728b)
Start importing Assets/kenney_input-prompts/PlayStation Series/Double/controller_playstation4.png using Guid(91b6a1d0bd99e3a4b8356f2f9d9b2a6b) Importer(815301076,1909f56bfc062723c751e8b465ee728b) (PreviewImporter) -> (artifact id: '00f478245083fd79f8bf9ded2b48a3fc') in 0.0567747 seconds
Number of updated asset objects reloaded before import = 0Number of asset objects unloaded after import = 2

========================================================================
Received Import Request.
  Time since last request: 0.000023 seconds.
  path: Assets/kenney_input-prompts/PlayStation Series/Double/playstation_button_l3.png
  artifactKey: Guid(ef698e0e04b5ebb40afe1b85002b28dc) Importer(815301076,1909f56bfc062723c751e8b465ee728b)
Start importing Assets/kenney_input-prompts/PlayStation Series/Double/playstation_button_l3.png using Guid(ef698e0e04b5ebb40afe1b85002b28dc) Importer(815301076,1909f56bfc062723c751e8b465ee728b) (PreviewImporter) -> (artifact id: 'd58373e9dc3e7a4e078fa08ad4591b1a') in 0.0092653 seconds
Number of updated asset objects reloaded before import = 0Number of asset objects unloaded after import = 2

========================================================================
Received Import Request.
  Time since last request: 0.000050 seconds.
  path: Assets/kenney_input-prompts/PlayStation Series/Double/playstation_button_circle.png
  artifactKey: Guid(e441e3efa222a054ca211a2cf96a2b34) Importer(815301076,1909f56bfc062723c751e8b465ee728b)
Start importing Assets/kenney_input-prompts/PlayStation Series/Double/playstation_button_circle.png using Guid(e441e3efa222a054ca211a2cf96a2b34) Importer(815301076,1909f56bfc062723c751e8b465ee728b) (PreviewImporter) -> (artifact id: 'e683b940439301e74bc1e5bc87f34193') in 0.0103307 seconds
Number of updated asset objects reloaded before import = 0Number of asset objects unloaded after import = 2

========================================================================
Received Import Request.
  Time since last request: 0.000027 seconds.
  path: Assets/kenney_input-prompts/PlayStation Series/Double/playstation_button_cross.png
  artifactKey: Guid(f74818273420308458f3e1480bfd7390) Importer(815301076,1909f56bfc062723c751e8b465ee728b)
Start importing Assets/kenney_input-prompts/PlayStation Series/Double/playstation_button_cross.png using Guid(f74818273420308458f3e1480bfd7390) Importer(815301076,1909f56bfc062723c751e8b465ee728b) (PreviewImporter) -> (artifact id: '34f72bb95f5bfce8a9831f71deedbf56') in 0.0101526 seconds
Number of updated asset objects reloaded before import = 0Number of asset objects unloaded after import = 2

========================================================================
Received Import Request.
  Time since last request: 0.000065 seconds.
  path: Assets/kenney_input-prompts/PlayStation Series/Double/playstation_button_analog.png
  artifactKey: Guid(0e8e955f57dc9194c99c354a820d96a4) Importer(815301076,1909f56bfc062723c751e8b465ee728b)
Start importing Assets/kenney_input-prompts/PlayStation Series/Double/playstation_button_analog.png using Guid(0e8e955f57dc9194c99c354a820d96a4) Importer(815301076,1909f56bfc062723c751e8b465ee728b) (PreviewImporter) -> (artifact id: '322aafebf36c78e2487b835de14199e1') in 0.0082037 seconds
Number of updated asset objects reloaded before import = 0Number of asset objects unloaded after import = 2

========================================================================
Received Import Request.
  Time since last request: 0.000054 seconds.
  path: Assets/kenney_input-prompts/PlayStation Series/Double/playstation_button_color_circle_outline.png
  artifactKey: Guid(2807bbadc9ec2514cafec3f882e8c6c3) Importer(815301076,1909f56bfc062723c751e8b465ee728b)
Start importing Assets/kenney_input-prompts/PlayStation Series/Double/playstation_button_color_circle_outline.png using Guid(2807bbadc9ec2514cafec3f882e8c6c3) Importer(815301076,1909f56bfc062723c751e8b465ee728b) (PreviewImporter) -> (artifact id: '36a76aeee96ff68a12cabf070fd88ac9') in 0.0090004 seconds
Number of updated asset objects reloaded before import = 0Number of asset objects unloaded after import = 2

========================================================================
Received Import Request.
  Time since last request: 0.000043 seconds.
  path: Assets/kenney_input-prompts/PlayStation Series/Double/playstation4_touchpad.png
  artifactKey: Guid(52459962e40372348b91501d502eefe4) Importer(815301076,1909f56bfc062723c751e8b465ee728b)
Start importing Assets/kenney_input-prompts/PlayStation Series/Double/playstation4_touchpad.png using Guid(52459962e40372348b91501d502eefe4) Importer(815301076,1909f56bfc062723c751e8b465ee728b) (PreviewImporter) -> (artifact id: '0270e329aec80af7234508a17d3ec4c5') in 0.0141171 seconds
Number of updated asset objects reloaded before import = 0Number of asset objects unloaded after import = 2

========================================================================
Received Import Request.
  Time since last request: 0.000019 seconds.
  path: Assets/kenney_input-prompts/PlayStation Series/Double/playstation5_button_create_outline.png
  artifactKey: Guid(0bab65a8ab1a3ec408aa46a01eb0f387) Importer(815301076,1909f56bfc062723c751e8b465ee728b)
Start importing Assets/kenney_input-prompts/PlayStation Series/Double/playstation5_button_create_outline.png using Guid(0bab65a8ab1a3ec408aa46a01eb0f387) Importer(815301076,1909f56bfc062723c751e8b465ee728b) (PreviewImporter) -> (artifact id: '24a91546f4ace1abfb76b04ac8ee6112') in 0.0097244 seconds
Number of updated asset objects reloaded before import = 0Number of asset objects unloaded after import = 2

========================================================================
Received Import Request.
  Time since last request: 0.000033 seconds.
  path: Assets/kenney_input-prompts/PlayStation Series/Double/playstation3_button_select_outline.png
  artifactKey: Guid(fddb5d9ae177ca645b390d5a10fb152e) Importer(815301076,1909f56bfc062723c751e8b465ee728b)
Start importing Assets/kenney_input-prompts/PlayStation Series/Double/playstation3_button_select_outline.png using Guid(fddb5d9ae177ca645b390d5a10fb152e) Importer(815301076,1909f56bfc062723c751e8b465ee728b) (PreviewImporter) -> (artifact id: 'fc40b323629e3c2a659c7df4ff2f6865') in 0.0091112 seconds
Number of updated asset objects reloaded before import = 0Number of asset objects unloaded after import = 2

========================================================================
Received Import Request.
  Time since last request: 0.000044 seconds.
  path: Assets/kenney_input-prompts/PlayStation Series/Double/playstation_button_color_square_outline.png
  artifactKey: Guid(ed82c5d5773ff9e4cafd1c50128cd629) Importer(815301076,1909f56bfc062723c751e8b465ee728b)
Start importing Assets/kenney_input-prompts/PlayStation Series/Double/playstation_button_color_square_outline.png using Guid(ed82c5d5773ff9e4cafd1c50128cd629) Importer(815301076,1909f56bfc062723c751e8b465ee728b) (PreviewImporter) -> (artifact id: '1321a01db55431c38efa1f967a16cadc') in 0.009886 seconds
Number of updated asset objects reloaded before import = 0Number of asset objects unloaded after import = 2

========================================================================
Received Import Request.
  Time since last request: 0.000117 seconds.
  path: Assets/kenney_input-prompts/PlayStation Series/Double/playstation4_button_options_outline.png
  artifactKey: Guid(243c4819d63af7545a188b6afc30db7a) Importer(815301076,1909f56bfc062723c751e8b465ee728b)
Start importing Assets/kenney_input-prompts/PlayStation Series/Double/playstation4_button_options_outline.png using Guid(243c4819d63af7545a188b6afc30db7a) Importer(815301076,1909f56bfc062723c751e8b465ee728b) (PreviewImporter) -> (artifact id: '51b280970105e78a816ac03325fee830') in 0.0066488 seconds
Number of updated asset objects reloaded before import = 0Number of asset objects unloaded after import = 2

========================================================================
Received Import Request.
  Time since last request: 0.000036 seconds.
  path: Assets/kenney_input-prompts/PlayStation Series/Double/playstation5_touchpad_touch.png
  artifactKey: Guid(11d11ea04cd63d241b2bc45336c89c74) Importer(815301076,1909f56bfc062723c751e8b465ee728b)
Start importing Assets/kenney_input-prompts/PlayStation Series/Double/playstation5_touchpad_touch.png using Guid(11d11ea04cd63d241b2bc45336c89c74) Importer(815301076,1909f56bfc062723c751e8b465ee728b) (PreviewImporter) -> (artifact id: '919bb56765e44e7e8132c5061ae28cef') in 0.0079885 seconds
Number of updated asset objects reloaded before import = 0Number of asset objects unloaded after import = 2

========================================================================
Received Import Request.
  Time since last request: 0.000131 seconds.
  path: Assets/kenney_input-prompts/PlayStation Series/Double/playstation_button_color_triangle.png
  artifactKey: Guid(6d1ac99c32520054788dce9ba23b7959) Importer(815301076,1909f56bfc062723c751e8b465ee728b)
Start importing Assets/kenney_input-prompts/PlayStation Series/Double/playstation_button_color_triangle.png using Guid(6d1ac99c32520054788dce9ba23b7959) Importer(815301076,1909f56bfc062723c751e8b465ee728b) (PreviewImporter) -> (artifact id: '8b6e5d4ed8db06f828d42495281bb0b5') in 0.0064204 seconds
Number of updated asset objects reloaded before import = 0Number of asset objects unloaded after import = 2

========================================================================
Received Import Request.
  Time since last request: 1.385682 seconds.
  path: Assets/kenney_input-prompts/PlayStation Series/Double/playstation_button_triangle_outline.png
  artifactKey: Guid(18c04cd23272d9e4b88d88392306d2f7) Importer(815301076,1909f56bfc062723c751e8b465ee728b)
Start importing Assets/kenney_input-prompts/PlayStation Series/Double/playstation_button_triangle_outline.png using Guid(18c04cd23272d9e4b88d88392306d2f7) Importer(815301076,1909f56bfc062723c751e8b465ee728b) (PreviewImporter) -> (artifact id: 'db6b0a497fb2b1c79d46c74101d6f0e0') in 0.1079009 seconds
Number of updated asset objects reloaded before import = 0Number of asset objects unloaded after import = 2

========================================================================
Received Import Request.
  Time since last request: 0.000023 seconds.
  path: Assets/kenney_input-prompts/PlayStation Series/Double/playstation_dpad_horizontal_outline.png
  artifactKey: Guid(9b5f4872bd2a78f41a62aafe9d45271a) Importer(815301076,1909f56bfc062723c751e8b465ee728b)
Start importing Assets/kenney_input-prompts/PlayStation Series/Double/playstation_dpad_horizontal_outline.png using Guid(9b5f4872bd2a78f41a62aafe9d45271a) Importer(815301076,1909f56bfc062723c751e8b465ee728b) (PreviewImporter) -> (artifact id: 'e4f355a3541d17e7643ad043bb5564f0') in 0.0078309 seconds
Number of updated asset objects reloaded before import = 0Number of asset objects unloaded after import = 2

========================================================================
Received Import Request.
  Time since last request: 0.000067 seconds.
  path: Assets/kenney_input-prompts/PlayStation Series/Double/playstation_dpad_left_outline.png
  artifactKey: Guid(80b48285259204a43a33b2258e1ea814) Importer(815301076,1909f56bfc062723c751e8b465ee728b)
Start importing Assets/kenney_input-prompts/PlayStation Series/Double/playstation_dpad_left_outline.png using Guid(80b48285259204a43a33b2258e1ea814) Importer(815301076,1909f56bfc062723c751e8b465ee728b) (PreviewImporter) -> (artifact id: '468ce02f0d6de214650b94e4cff6f9f1') in 0.006816 seconds
Number of updated asset objects reloaded before import = 0Number of asset objects unloaded after import = 2

========================================================================
Received Import Request.
  Time since last request: 1.078547 seconds.
  path: Assets/kenney_input-prompts/PlayStation Series/Double/playstation_dpad_up.png
  artifactKey: Guid(6eba72dd286a36944b4c0d803e61e4f6) Importer(815301076,1909f56bfc062723c751e8b465ee728b)
Start importing Assets/kenney_input-prompts/PlayStation Series/Double/playstation_dpad_up.png using Guid(6eba72dd286a36944b4c0d803e61e4f6) Importer(815301076,1909f56bfc062723c751e8b465ee728b) (PreviewImporter) -> (artifact id: '03d4224923ecc5d71b5c9681a74db325') in 0.0094723 seconds
Number of updated asset objects reloaded before import = 0Number of asset objects unloaded after import = 2

========================================================================
Received Import Request.
  Time since last request: 0.000024 seconds.
  path: Assets/kenney_input-prompts/PlayStation Series/Double/playstation_stick_l_press.png
  artifactKey: Guid(2b4751d6894c1f344bef5d05c4ef7deb) Importer(815301076,1909f56bfc062723c751e8b465ee728b)
Start importing Assets/kenney_input-prompts/PlayStation Series/Double/playstation_stick_l_press.png using Guid(2b4751d6894c1f344bef5d05c4ef7deb) Importer(815301076,1909f56bfc062723c751e8b465ee728b) (PreviewImporter) -> (artifact id: 'fac84d2d05f5526290e0af856b879f85') in 0.0072385 seconds
Number of updated asset objects reloaded before import = 0Number of asset objects unloaded after import = 2

========================================================================
Received Import Request.
  Time since last request: 0.000022 seconds.
  path: Assets/kenney_input-prompts/PlayStation Series/Double/playstation_dpad_vertical_outline.png
  artifactKey: Guid(a1b118d78cf7785409fca2f2171d36f3) Importer(815301076,1909f56bfc062723c751e8b465ee728b)
Start importing Assets/kenney_input-prompts/PlayStation Series/Double/playstation_dpad_vertical_outline.png using Guid(a1b118d78cf7785409fca2f2171d36f3) Importer(815301076,1909f56bfc062723c751e8b465ee728b) (PreviewImporter) -> (artifact id: '3e5088352179202810222dec78f66df2') in 0.0076333 seconds
Number of updated asset objects reloaded before import = 0Number of asset objects unloaded after import = 2

========================================================================
Received Import Request.
  Time since last request: 0.021799 seconds.
  path: Assets/kenney_input-prompts/PlayStation Series/Double/playstation_stick_r.png
  artifactKey: Guid(e78de95284bc6e444bc74a7f4df0b74d) Importer(815301076,1909f56bfc062723c751e8b465ee728b)
Start importing Assets/kenney_input-prompts/PlayStation Series/Double/playstation_stick_r.png using Guid(e78de95284bc6e444bc74a7f4df0b74d) Importer(815301076,1909f56bfc062723c751e8b465ee728b) (PreviewImporter) -> (artifact id: 'ff104ed0cd0cb534327b9199d738e42e') in 0.0069736 seconds
Number of updated asset objects reloaded before import = 0Number of asset objects unloaded after import = 2

========================================================================
Received Import Request.
  Time since last request: 0.000016 seconds.
  path: Assets/kenney_input-prompts/PlayStation Series/Double/playstation_stick_r_up.png
  artifactKey: Guid(9b99fc994588f4848a4c6dc1fe1ed9d5) Importer(815301076,1909f56bfc062723c751e8b465ee728b)
Start importing Assets/kenney_input-prompts/PlayStation Series/Double/playstation_stick_r_up.png using Guid(9b99fc994588f4848a4c6dc1fe1ed9d5) Importer(815301076,1909f56bfc062723c751e8b465ee728b) (PreviewImporter) -> (artifact id: '61d54afac5f9caebb20d5deadbecb5f5') in 0.0092636 seconds
Number of updated asset objects reloaded before import = 0Number of asset objects unloaded after import = 2

========================================================================
Received Import Request.
  Time since last request: 0.000021 seconds.
  path: Assets/kenney_input-prompts/PlayStation Series/Double/playstation_stick_r_horizontal.png
  artifactKey: Guid(614e776ef328c9e40b174cd4fafda85f) Importer(815301076,1909f56bfc062723c751e8b465ee728b)
Start importing Assets/kenney_input-prompts/PlayStation Series/Double/playstation_stick_r_horizontal.png using Guid(614e776ef328c9e40b174cd4fafda85f) Importer(815301076,1909f56bfc062723c751e8b465ee728b) (PreviewImporter) -> (artifact id: '637d1d5c6eca66de53abcaf40450ce0b') in 0.00678 seconds
Number of updated asset objects reloaded before import = 0Number of asset objects unloaded after import = 2

========================================================================
Received Import Request.
  Time since last request: 10.815406 seconds.
  path: Assets/kenney_input-prompts/PlayStation Series/Double/playstation_trigger_l1.png
  artifactKey: Guid(eb2b3e4d4d8ea384aa054780d086e7e7) Importer(815301076,1909f56bfc062723c751e8b465ee728b)
Start importing Assets/kenney_input-prompts/PlayStation Series/Double/playstation_trigger_l1.png using Guid(eb2b3e4d4d8ea384aa054780d086e7e7) Importer(815301076,1909f56bfc062723c751e8b465ee728b) (PreviewImporter) -> (artifact id: 'e3e01195c70fb85b2885688edb770670') in 0.1080698 seconds
Number of updated asset objects reloaded before import = 0Number of asset objects unloaded after import = 2

========================================================================
Received Import Request.
  Time since last request: 0.000019 seconds.
  path: Assets/kenney_input-prompts/PlayStation Series/Double/playstation_trigger_r2_alternative_outline.png
  artifactKey: Guid(0e6cb7b131db65847b6d1446ff897932) Importer(815301076,1909f56bfc062723c751e8b465ee728b)
Start importing Assets/kenney_input-prompts/PlayStation Series/Double/playstation_trigger_r2_alternative_outline.png using Guid(0e6cb7b131db65847b6d1446ff897932) Importer(815301076,1909f56bfc062723c751e8b465ee728b) (PreviewImporter) -> (artifact id: '0d2abb9545bf40bcb5ac628063d0f53a') in 0.0149631 seconds
Number of updated asset objects reloaded before import = 0Number of asset objects unloaded after import = 2

========================================================================
Received Import Request.
  Time since last request: 0.000016 seconds.
  path: Assets/kenney_input-prompts/PlayStation Series/Double/playstation_trigger_l2.png
  artifactKey: Guid(e526df5e3b2211f4094e837d5da36a11) Importer(815301076,1909f56bfc062723c751e8b465ee728b)
Start importing Assets/kenney_input-prompts/PlayStation Series/Double/playstation_trigger_l2.png using Guid(e526df5e3b2211f4094e837d5da36a11) Importer(815301076,1909f56bfc062723c751e8b465ee728b) (PreviewImporter) -> (artifact id: 'f626627e85d93674999b9e1b1c3aea3e') in 0.0078754 seconds
Number of updated asset objects reloaded before import = 0Number of asset objects unloaded after import = 2

========================================================================
Received Import Request.
  Time since last request: 0.000046 seconds.
  path: Assets/kenney_input-prompts/PlayStation Series/Double/playstation_trigger_r2.png
  artifactKey: Guid(b6901cc6d1784474fa339a0fcccd2364) Importer(815301076,1909f56bfc062723c751e8b465ee728b)
Start importing Assets/kenney_input-prompts/PlayStation Series/Double/playstation_trigger_r2.png using Guid(b6901cc6d1784474fa339a0fcccd2364) Importer(815301076,1909f56bfc062723c751e8b465ee728b) (PreviewImporter) -> (artifact id: '01f79da398cdeeba2a1fe74f79f44248') in 0.010628 seconds
Number of updated asset objects reloaded before import = 0Number of asset objects unloaded after import = 2

========================================================================
Received Import Request.
  Time since last request: 0.000022 seconds.
  path: Assets/kenney_input-prompts/PlayStation Series/Double/playstation_trigger_l2_alternative.png
  artifactKey: Guid(0a7e48f693262bd47866a87ab4da3bb9) Importer(815301076,1909f56bfc062723c751e8b465ee728b)
Start importing Assets/kenney_input-prompts/PlayStation Series/Double/playstation_trigger_l2_alternative.png using Guid(0a7e48f693262bd47866a87ab4da3bb9) Importer(815301076,1909f56bfc062723c751e8b465ee728b) (PreviewImporter) -> (artifact id: '00d932b7e64706296eeb26f242ac9bf9') in 0.0123446 seconds
Number of updated asset objects reloaded before import = 0Number of asset objects unloaded after import = 2

Editor requested this worker to shutdown with reason: Scaling down because of idle timeout
AssetImportWorker is now disconnected from the server
Process exiting
Exiting without the bug reporter. Application will terminate with return code 0